<?xml version="1.0" encoding="UTF-8"?>
<!-- Generated by org.testng.reporters.JUnitReportReporter -->
<testsuite hostname="RONY-HRF" failures="0" tests="9" name="TestCase.TestCase" time="30.849" errors="0" timestamp="2022-12-29T23:41:15 EST" skipped="0">
  <testcase classname="TestCase.TestCase" name="test7" time="8.745"/>
  <system-out/>
  <testcase classname="TestCase.TestCase" name="test1" time="0.985"/>
  <system-out/>
  <testcase classname="TestCase.TestCase" name="test6" time="2.162"/>
  <system-out/>
  <testcase classname="TestCase.TestCase" name="test2" time="0.001"/>
  <system-out/>
  <testcase classname="TestCase.TestCase" name="test4" time="2.791"/>
  <system-out/>
  <testcase classname="TestCase.TestCase" name="test5" time="11.502"/>
  <system-out/>
  <testcase classname="TestCase.TestCase" name="test8" time="0.110"/>
  <system-out/>
  <testcase classname="TestCase.TestCase" name="test3" time="1.484"/>
  <system-out/>
  <testcase classname="TestCase.TestCase" name="test9" time="3.069"/>
  <system-out/>
</testsuite> <!-- TestCase.TestCase -->
