<?xml version="1.0" encoding="UTF-8"?>
<!-- Generated by org.testng.reporters.JUnitReportReporter -->
<testsuite hostname="RONY-HRF" failures="0" tests="8" name="TestCase.TestCase" time="31.858" errors="0" timestamp="2023-01-03T21:43:35 EST" skipped="0">
  <testcase classname="TestCase.TestCase" name="test3" time="2.106"/>
  <system-out/>
  <testcase classname="TestCase.TestCase" name="test8" time="0.106"/>
  <system-out/>
  <testcase classname="TestCase.TestCase" name="test9" time="3.058"/>
  <system-out/>
  <testcase classname="TestCase.TestCase" name="test5" time="11.518"/>
  <system-out/>
  <testcase classname="TestCase.TestCase" name="test7" time="8.765"/>
  <system-out/>
  <testcase classname="TestCase.TestCase" name="test4" time="2.957"/>
  <system-out/>
  <testcase classname="TestCase.TestCase" name="test6" time="2.180"/>
  <system-out/>
  <testcase classname="TestCase.TestCase" name="test1" time="1.168"/>
  <system-out/>
</testsuite> <!-- TestCase.TestCase -->
